2026-03-09 15:40:26,372-[INFO]-C:\Users\CORBR\projects\corbisra\utils\src\buildrunbook.py:BuildRunbook--process@22:>	starting building runbook
2026-03-09 15:40:26,376-[INFO]-C:\Users\CORBR\projects\corbisra\utils\src\buildrunbook.py:BuildRunbook--processClassMethods@47:>	Class=BuildRunbook->finalise:
         save the final file as a CSV or whatever format is required
       
2026-03-09 15:40:26,384-[INFO]-C:\Users\CORBR\projects\corbisra\utils\src\buildrunbook.py:BuildRunbook--processClassMethods@47:>	Class=BuildRunbook->getkwargs:None
2026-03-09 15:40:26,384-[INFO]-C:\Users\CORBR\projects\corbisra\utils\src\buildrunbook.py:BuildRunbook--processClassMethods@47:>	Class=BuildRunbook->initialise:
         create file and ensure path folder exists if not  create    
       
2026-03-09 15:40:26,384-[INFO]-C:\Users\CORBR\projects\corbisra\utils\src\buildrunbook.py:BuildRunbook--processClassMethods@47:>	Class=BuildRunbook->process:
         for the complete list of modules run through the aviable classes and 
         interrogate the __doc__ and __name__
       
2026-03-09 15:40:26,384-[INFO]-C:\Users\CORBR\projects\corbisra\utils\src\buildrunbook.py:BuildRunbook--processClassMethods@47:>	Class=BuildRunbook->processClassMethods:None
2026-03-09 15:40:26,391-[INFO]-C:\Users\CORBR\projects\corbisra\utils\src\buildrunbook.py:BuildRunbook--processClassMethods@47:>	Class=Calculator->finalise:None
2026-03-09 15:40:26,395-[INFO]-C:\Users\CORBR\projects\corbisra\utils\src\buildrunbook.py:BuildRunbook--processClassMethods@47:>	Class=Calculator->getkwargs:None
2026-03-09 15:40:26,395-[INFO]-C:\Users\CORBR\projects\corbisra\utils\src\buildrunbook.py:BuildRunbook--processClassMethods@47:>	Class=Calculator->initialise:None
2026-03-09 15:40:26,398-[INFO]-C:\Users\CORBR\projects\corbisra\utils\src\buildrunbook.py:BuildRunbook--processClassMethods@47:>	Class=Calculator->process:None
2026-03-09 15:40:26,398-[INFO]-C:\Users\CORBR\projects\corbisra\utils\src\buildrunbook.py:BuildRunbook--processClassMethods@47:>	Class=Processor->finalise:None
2026-03-09 15:40:26,398-[INFO]-C:\Users\CORBR\projects\corbisra\utils\src\buildrunbook.py:BuildRunbook--processClassMethods@47:>	Class=Processor->getkwargs:None
2026-03-09 15:40:26,398-[INFO]-C:\Users\CORBR\projects\corbisra\utils\src\buildrunbook.py:BuildRunbook--processClassMethods@47:>	Class=Processor->initialise:None
2026-03-09 15:40:26,398-[INFO]-C:\Users\CORBR\projects\corbisra\utils\src\buildrunbook.py:BuildRunbook--processClassMethods@47:>	Class=Processor->process:None
2026-03-09 15:40:26,398-[INFO]-C:\Users\CORBR\projects\corbisra\utils\src\buildrunbook.py:BuildRunbook--processClassMethods@47:>	Class=Reporting->finalise:None
2026-03-09 15:40:26,408-[INFO]-C:\Users\CORBR\projects\corbisra\utils\src\buildrunbook.py:BuildRunbook--processClassMethods@47:>	Class=Reporting->getkwargs:None
2026-03-09 15:40:26,410-[INFO]-C:\Users\CORBR\projects\corbisra\utils\src\buildrunbook.py:BuildRunbook--processClassMethods@47:>	Class=Reporting->initialise:None
2026-03-09 15:40:26,411-[INFO]-C:\Users\CORBR\projects\corbisra\utils\src\buildrunbook.py:BuildRunbook--processClassMethods@47:>	Class=Reporting->process:None
2026-03-09 15:40:26,417-[INFO]-C:\Users\CORBR\projects\corbisra\utils\src\buildrunbook.py:BuildRunbook--processClassMethods@47:>	Class=BuildRunbook->finalise:
         save the final file as a CSV or whatever format is required
       
2026-03-09 15:40:26,417-[INFO]-C:\Users\CORBR\projects\corbisra\utils\src\buildrunbook.py:BuildRunbook--processClassMethods@47:>	Class=BuildRunbook->getkwargs:None
2026-03-09 15:40:26,417-[INFO]-C:\Users\CORBR\projects\corbisra\utils\src\buildrunbook.py:BuildRunbook--processClassMethods@47:>	Class=BuildRunbook->initialise:
         create file and ensure path folder exists if not  create    
       
2026-03-09 15:40:26,417-[INFO]-C:\Users\CORBR\projects\corbisra\utils\src\buildrunbook.py:BuildRunbook--processClassMethods@47:>	Class=BuildRunbook->process:
         for the complete list of modules run through the aviable classes and 
         interrogate the __doc__ and __name__
       
2026-03-09 15:40:26,425-[INFO]-C:\Users\CORBR\projects\corbisra\utils\src\buildrunbook.py:BuildRunbook--processClassMethods@47:>	Class=BuildRunbook->processClassMethods:None
2026-03-09 15:40:26,426-[INFO]-C:\Users\CORBR\projects\corbisra\utils\src\buildrunbook.py:BuildRunbook--processClassMethods@47:>	Class=Calculator->finalise:None
2026-03-09 15:40:26,426-[INFO]-C:\Users\CORBR\projects\corbisra\utils\src\buildrunbook.py:BuildRunbook--processClassMethods@47:>	Class=Calculator->getkwargs:None
2026-03-09 15:40:26,426-[INFO]-C:\Users\CORBR\projects\corbisra\utils\src\buildrunbook.py:BuildRunbook--processClassMethods@47:>	Class=Calculator->initialise:None
2026-03-09 15:40:26,426-[INFO]-C:\Users\CORBR\projects\corbisra\utils\src\buildrunbook.py:BuildRunbook--processClassMethods@47:>	Class=Calculator->process:None
2026-03-09 15:40:26,426-[INFO]-C:\Users\CORBR\projects\corbisra\utils\src\buildrunbook.py:BuildRunbook--processClassMethods@47:>	Class=Processor->finalise:None
2026-03-09 15:40:26,426-[INFO]-C:\Users\CORBR\projects\corbisra\utils\src\buildrunbook.py:BuildRunbook--processClassMethods@47:>	Class=Processor->getkwargs:None
2026-03-09 15:40:26,426-[INFO]-C:\Users\CORBR\projects\corbisra\utils\src\buildrunbook.py:BuildRunbook--processClassMethods@47:>	Class=Processor->initialise:None
2026-03-09 15:40:26,426-[INFO]-C:\Users\CORBR\projects\corbisra\utils\src\buildrunbook.py:BuildRunbook--processClassMethods@47:>	Class=Processor->process:None
2026-03-09 15:40:26,426-[INFO]-C:\Users\CORBR\projects\corbisra\utils\src\buildrunbook.py:BuildRunbook--processClassMethods@47:>	Class=Reporting->finalise:None
2026-03-09 15:40:26,444-[INFO]-C:\Users\CORBR\projects\corbisra\utils\src\buildrunbook.py:BuildRunbook--processClassMethods@47:>	Class=Reporting->getkwargs:None
2026-03-09 15:40:26,444-[INFO]-C:\Users\CORBR\projects\corbisra\utils\src\buildrunbook.py:BuildRunbook--processClassMethods@47:>	Class=Reporting->initialise:None
2026-03-09 15:40:26,444-[INFO]-C:\Users\CORBR\projects\corbisra\utils\src\buildrunbook.py:BuildRunbook--processClassMethods@47:>	Class=Reporting->process:None
2026-03-09 15:43:24,094-[INFO]-C:\Users\CORBR\projects\corbisra\utils\src\buildrunbook.py:BuildRunbook--process@22:>	starting building runbook
2026-03-09 15:43:57,094-[INFO]-C:\Users\CORBR\projects\corbisra\utils\src\buildrunbook.py:BuildRunbook--process@22:>	starting building runbook
2026-03-09 15:43:57,105-[INFO]-C:\Users\CORBR\projects\corbisra\utils\src\buildrunbook.py:BuildRunbook--processClassMethods@50:>	Class=BuildRunbook->finalise:
         save the final file as a CSV or whatever format is required
       
2026-03-09 15:43:57,105-[INFO]-C:\Users\CORBR\projects\corbisra\utils\src\buildrunbook.py:BuildRunbook--processClassMethods@50:>	Class=BuildRunbook->getkwargs:None
2026-03-09 15:43:57,110-[INFO]-C:\Users\CORBR\projects\corbisra\utils\src\buildrunbook.py:BuildRunbook--processClassMethods@50:>	Class=BuildRunbook->initialise:
         create file and ensure path folder exists if not  create    
       
2026-03-09 15:43:57,110-[INFO]-C:\Users\CORBR\projects\corbisra\utils\src\buildrunbook.py:BuildRunbook--processClassMethods@50:>	Class=BuildRunbook->process:
         for the complete list of modules run through the aviable classes and 
         interrogate the __doc__ and __name__
       
2026-03-09 15:43:57,110-[INFO]-C:\Users\CORBR\projects\corbisra\utils\src\buildrunbook.py:BuildRunbook--processClassMethods@50:>	Class=BuildRunbook->processClassMethods:None
2026-03-09 15:43:57,118-[INFO]-C:\Users\CORBR\projects\corbisra\utils\src\buildrunbook.py:BuildRunbook--processClassMethods@50:>	Class=Calculator->finalise:None
2026-03-09 15:43:57,118-[INFO]-C:\Users\CORBR\projects\corbisra\utils\src\buildrunbook.py:BuildRunbook--processClassMethods@50:>	Class=Calculator->getkwargs:None
2026-03-09 15:43:57,118-[INFO]-C:\Users\CORBR\projects\corbisra\utils\src\buildrunbook.py:BuildRunbook--processClassMethods@50:>	Class=Calculator->initialise:None
2026-03-09 15:43:57,118-[INFO]-C:\Users\CORBR\projects\corbisra\utils\src\buildrunbook.py:BuildRunbook--processClassMethods@50:>	Class=Calculator->process:None
2026-03-09 15:43:57,118-[INFO]-C:\Users\CORBR\projects\corbisra\utils\src\buildrunbook.py:BuildRunbook--processClassMethods@50:>	Class=Processor->finalise:None
2026-03-09 15:43:57,128-[INFO]-C:\Users\CORBR\projects\corbisra\utils\src\buildrunbook.py:BuildRunbook--processClassMethods@50:>	Class=Processor->getkwargs:None
2026-03-09 15:43:57,128-[INFO]-C:\Users\CORBR\projects\corbisra\utils\src\buildrunbook.py:BuildRunbook--processClassMethods@50:>	Class=Processor->initialise:None
2026-03-09 15:43:57,128-[INFO]-C:\Users\CORBR\projects\corbisra\utils\src\buildrunbook.py:BuildRunbook--processClassMethods@50:>	Class=Processor->process:None
2026-03-09 15:43:57,128-[INFO]-C:\Users\CORBR\projects\corbisra\utils\src\buildrunbook.py:BuildRunbook--processClassMethods@50:>	Class=Reporting->finalise:None
2026-03-09 15:43:57,135-[INFO]-C:\Users\CORBR\projects\corbisra\utils\src\buildrunbook.py:BuildRunbook--processClassMethods@50:>	Class=Reporting->getkwargs:None
2026-03-09 15:43:57,135-[INFO]-C:\Users\CORBR\projects\corbisra\utils\src\buildrunbook.py:BuildRunbook--processClassMethods@50:>	Class=Reporting->initialise:None
2026-03-09 15:43:57,135-[INFO]-C:\Users\CORBR\projects\corbisra\utils\src\buildrunbook.py:BuildRunbook--processClassMethods@50:>	Class=Reporting->process:None
2026-03-09 15:43:57,145-[INFO]-C:\Users\CORBR\projects\corbisra\utils\src\buildrunbook.py:BuildRunbook--processClassMethods@50:>	Class=BuildRunbook->finalise:
         save the final file as a CSV or whatever format is required
       
2026-03-09 15:43:57,147-[INFO]-C:\Users\CORBR\projects\corbisra\utils\src\buildrunbook.py:BuildRunbook--processClassMethods@50:>	Class=BuildRunbook->getkwargs:None
2026-03-09 15:43:57,149-[INFO]-C:\Users\CORBR\projects\corbisra\utils\src\buildrunbook.py:BuildRunbook--processClassMethods@50:>	Class=BuildRunbook->initialise:
         create file and ensure path folder exists if not  create    
       
2026-03-09 15:43:57,149-[INFO]-C:\Users\CORBR\projects\corbisra\utils\src\buildrunbook.py:BuildRunbook--processClassMethods@50:>	Class=BuildRunbook->process:
         for the complete list of modules run through the aviable classes and 
         interrogate the __doc__ and __name__
       
2026-03-09 15:43:57,149-[INFO]-C:\Users\CORBR\projects\corbisra\utils\src\buildrunbook.py:BuildRunbook--processClassMethods@50:>	Class=BuildRunbook->processClassMethods:None
2026-03-09 15:43:57,149-[INFO]-C:\Users\CORBR\projects\corbisra\utils\src\buildrunbook.py:BuildRunbook--processClassMethods@50:>	Class=Calculator->finalise:None
2026-03-09 15:43:57,149-[INFO]-C:\Users\CORBR\projects\corbisra\utils\src\buildrunbook.py:BuildRunbook--processClassMethods@50:>	Class=Calculator->getkwargs:None
2026-03-09 15:43:57,158-[INFO]-C:\Users\CORBR\projects\corbisra\utils\src\buildrunbook.py:BuildRunbook--processClassMethods@50:>	Class=Calculator->initialise:None
2026-03-09 15:43:57,158-[INFO]-C:\Users\CORBR\projects\corbisra\utils\src\buildrunbook.py:BuildRunbook--processClassMethods@50:>	Class=Calculator->process:None
2026-03-09 15:43:57,163-[INFO]-C:\Users\CORBR\projects\corbisra\utils\src\buildrunbook.py:BuildRunbook--processClassMethods@50:>	Class=Processor->finalise:None
2026-03-09 15:43:57,163-[INFO]-C:\Users\CORBR\projects\corbisra\utils\src\buildrunbook.py:BuildRunbook--processClassMethods@50:>	Class=Processor->getkwargs:None
2026-03-09 15:43:57,163-[INFO]-C:\Users\CORBR\projects\corbisra\utils\src\buildrunbook.py:BuildRunbook--processClassMethods@50:>	Class=Processor->initialise:None
2026-03-09 15:43:57,163-[INFO]-C:\Users\CORBR\projects\corbisra\utils\src\buildrunbook.py:BuildRunbook--processClassMethods@50:>	Class=Processor->process:None
2026-03-09 15:43:57,185-[INFO]-C:\Users\CORBR\projects\corbisra\utils\src\buildrunbook.py:BuildRunbook--processClassMethods@50:>	Class=Reporting->finalise:None
2026-03-09 15:43:57,185-[INFO]-C:\Users\CORBR\projects\corbisra\utils\src\buildrunbook.py:BuildRunbook--processClassMethods@50:>	Class=Reporting->getkwargs:None
2026-03-09 15:43:57,185-[INFO]-C:\Users\CORBR\projects\corbisra\utils\src\buildrunbook.py:BuildRunbook--processClassMethods@50:>	Class=Reporting->initialise:None
2026-03-09 15:43:57,189-[INFO]-C:\Users\CORBR\projects\corbisra\utils\src\buildrunbook.py:BuildRunbook--processClassMethods@50:>	Class=Reporting->process:None
2026-03-09 15:44:50,498-[INFO]-C:\Users\CORBR\projects\corbisra\utils\src\buildrunbook.py:BuildRunbook--process@22:>	starting building runbook
2026-03-09 15:44:50,508-[DEBUG]-C:\Users\CORBR\projects\corbisra\utils\src\buildrunbook.py:BuildRunbook--processClassMethods@50:>	Class=BuildRunbook->finalise:
         save the final file as a CSV or whatever format is required
       
2026-03-09 15:44:50,508-[DEBUG]-C:\Users\CORBR\projects\corbisra\utils\src\buildrunbook.py:BuildRunbook--processClassMethods@50:>	Class=BuildRunbook->getkwargs:None
2026-03-09 15:44:50,508-[DEBUG]-C:\Users\CORBR\projects\corbisra\utils\src\buildrunbook.py:BuildRunbook--processClassMethods@50:>	Class=BuildRunbook->initialise:
         create file and ensure path folder exists if not  create    
       
2026-03-09 15:44:50,514-[DEBUG]-C:\Users\CORBR\projects\corbisra\utils\src\buildrunbook.py:BuildRunbook--processClassMethods@50:>	Class=BuildRunbook->process:
         for the complete list of modules run through the aviable classes and 
         interrogate the __doc__ and __name__
       
2026-03-09 15:44:50,514-[DEBUG]-C:\Users\CORBR\projects\corbisra\utils\src\buildrunbook.py:BuildRunbook--processClassMethods@50:>	Class=BuildRunbook->processClassMethods:None
2026-03-09 15:44:50,514-[DEBUG]-C:\Users\CORBR\projects\corbisra\utils\src\buildrunbook.py:BuildRunbook--processClassMethods@50:>	Class=Calculator->finalise:None
2026-03-09 15:44:50,514-[DEBUG]-C:\Users\CORBR\projects\corbisra\utils\src\buildrunbook.py:BuildRunbook--processClassMethods@50:>	Class=Calculator->getkwargs:None
2026-03-09 15:44:50,514-[DEBUG]-C:\Users\CORBR\projects\corbisra\utils\src\buildrunbook.py:BuildRunbook--processClassMethods@50:>	Class=Calculator->initialise:None
2026-03-09 15:44:50,514-[DEBUG]-C:\Users\CORBR\projects\corbisra\utils\src\buildrunbook.py:BuildRunbook--processClassMethods@50:>	Class=Calculator->process:None
2026-03-09 15:44:50,524-[DEBUG]-C:\Users\CORBR\projects\corbisra\utils\src\buildrunbook.py:BuildRunbook--processClassMethods@50:>	Class=Processor->finalise:None
2026-03-09 15:44:50,524-[DEBUG]-C:\Users\CORBR\projects\corbisra\utils\src\buildrunbook.py:BuildRunbook--processClassMethods@50:>	Class=Processor->getkwargs:None
2026-03-09 15:44:50,530-[DEBUG]-C:\Users\CORBR\projects\corbisra\utils\src\buildrunbook.py:BuildRunbook--processClassMethods@50:>	Class=Processor->initialise:None
2026-03-09 15:44:50,530-[DEBUG]-C:\Users\CORBR\projects\corbisra\utils\src\buildrunbook.py:BuildRunbook--processClassMethods@50:>	Class=Processor->process:None
2026-03-09 15:44:50,530-[DEBUG]-C:\Users\CORBR\projects\corbisra\utils\src\buildrunbook.py:BuildRunbook--processClassMethods@50:>	Class=Reporting->finalise:None
2026-03-09 15:44:50,530-[DEBUG]-C:\Users\CORBR\projects\corbisra\utils\src\buildrunbook.py:BuildRunbook--processClassMethods@50:>	Class=Reporting->getkwargs:None
2026-03-09 15:44:50,530-[DEBUG]-C:\Users\CORBR\projects\corbisra\utils\src\buildrunbook.py:BuildRunbook--processClassMethods@50:>	Class=Reporting->initialise:None
2026-03-09 15:44:50,530-[DEBUG]-C:\Users\CORBR\projects\corbisra\utils\src\buildrunbook.py:BuildRunbook--processClassMethods@50:>	Class=Reporting->process:None
2026-03-09 15:44:50,546-[DEBUG]-C:\Users\CORBR\projects\corbisra\utils\src\buildrunbook.py:BuildRunbook--processClassMethods@50:>	Class=BuildRunbook->finalise:
         save the final file as a CSV or whatever format is required
       
2026-03-09 15:44:50,546-[DEBUG]-C:\Users\CORBR\projects\corbisra\utils\src\buildrunbook.py:BuildRunbook--processClassMethods@50:>	Class=BuildRunbook->getkwargs:None
2026-03-09 15:44:50,546-[DEBUG]-C:\Users\CORBR\projects\corbisra\utils\src\buildrunbook.py:BuildRunbook--processClassMethods@50:>	Class=BuildRunbook->initialise:
         create file and ensure path folder exists if not  create    
       
2026-03-09 15:44:50,546-[DEBUG]-C:\Users\CORBR\projects\corbisra\utils\src\buildrunbook.py:BuildRunbook--processClassMethods@50:>	Class=BuildRunbook->process:
         for the complete list of modules run through the aviable classes and 
         interrogate the __doc__ and __name__
       
2026-03-09 15:44:50,546-[DEBUG]-C:\Users\CORBR\projects\corbisra\utils\src\buildrunbook.py:BuildRunbook--processClassMethods@50:>	Class=BuildRunbook->processClassMethods:None
2026-03-09 15:44:50,546-[DEBUG]-C:\Users\CORBR\projects\corbisra\utils\src\buildrunbook.py:BuildRunbook--processClassMethods@50:>	Class=Calculator->finalise:None
2026-03-09 15:44:50,558-[DEBUG]-C:\Users\CORBR\projects\corbisra\utils\src\buildrunbook.py:BuildRunbook--processClassMethods@50:>	Class=Calculator->getkwargs:None
2026-03-09 15:44:50,558-[DEBUG]-C:\Users\CORBR\projects\corbisra\utils\src\buildrunbook.py:BuildRunbook--processClassMethods@50:>	Class=Calculator->initialise:None
2026-03-09 15:44:50,561-[DEBUG]-C:\Users\CORBR\projects\corbisra\utils\src\buildrunbook.py:BuildRunbook--processClassMethods@50:>	Class=Calculator->process:None
2026-03-09 15:44:50,561-[DEBUG]-C:\Users\CORBR\projects\corbisra\utils\src\buildrunbook.py:BuildRunbook--processClassMethods@50:>	Class=Processor->finalise:None
2026-03-09 15:44:50,561-[DEBUG]-C:\Users\CORBR\projects\corbisra\utils\src\buildrunbook.py:BuildRunbook--processClassMethods@50:>	Class=Processor->getkwargs:None
2026-03-09 15:44:50,561-[DEBUG]-C:\Users\CORBR\projects\corbisra\utils\src\buildrunbook.py:BuildRunbook--processClassMethods@50:>	Class=Processor->initialise:None
2026-03-09 15:44:50,561-[DEBUG]-C:\Users\CORBR\projects\corbisra\utils\src\buildrunbook.py:BuildRunbook--processClassMethods@50:>	Class=Processor->process:None
2026-03-09 15:44:50,577-[DEBUG]-C:\Users\CORBR\projects\corbisra\utils\src\buildrunbook.py:BuildRunbook--processClassMethods@50:>	Class=Reporting->finalise:None
2026-03-09 15:44:50,577-[DEBUG]-C:\Users\CORBR\projects\corbisra\utils\src\buildrunbook.py:BuildRunbook--processClassMethods@50:>	Class=Reporting->getkwargs:None
2026-03-09 15:44:50,577-[DEBUG]-C:\Users\CORBR\projects\corbisra\utils\src\buildrunbook.py:BuildRunbook--processClassMethods@50:>	Class=Reporting->initialise:None
2026-03-09 15:44:50,577-[DEBUG]-C:\Users\CORBR\projects\corbisra\utils\src\buildrunbook.py:BuildRunbook--processClassMethods@50:>	Class=Reporting->process:None
2026-03-09 15:45:56,595-[INFO]-C:\Users\CORBR\projects\corbisra\utils\src\buildrunbook.py:BuildRunbook--process@22:>	starting building runbook
2026-03-09 15:45:56,600-[DEBUG]-C:\Users\CORBR\projects\corbisra\utils\src\buildrunbook.py:BuildRunbook--processClassMethods@51:>	Class=BuildRunbook->finalise:
         save the final file as a CSV or whatever format is required
       
2026-03-09 15:45:56,600-[DEBUG]-C:\Users\CORBR\projects\corbisra\utils\src\buildrunbook.py:BuildRunbook--processClassMethods@51:>	Class=BuildRunbook->getkwargs:None
2026-03-09 15:45:56,600-[DEBUG]-C:\Users\CORBR\projects\corbisra\utils\src\buildrunbook.py:BuildRunbook--processClassMethods@51:>	Class=BuildRunbook->initialise:
         create file and ensure path folder exists if not  create    
       
2026-03-09 15:45:56,600-[DEBUG]-C:\Users\CORBR\projects\corbisra\utils\src\buildrunbook.py:BuildRunbook--processClassMethods@51:>	Class=BuildRunbook->process:
         for the complete list of modules run through the aviable classes and 
         interrogate the __doc__ and __name__
       
2026-03-09 15:45:56,605-[DEBUG]-C:\Users\CORBR\projects\corbisra\utils\src\buildrunbook.py:BuildRunbook--processClassMethods@51:>	Class=BuildRunbook->processClassMethods:None
2026-03-09 15:45:56,608-[DEBUG]-C:\Users\CORBR\projects\corbisra\utils\src\buildrunbook.py:BuildRunbook--processClassMethods@51:>	Class=Calculator->finalise:None
2026-03-09 15:45:56,608-[DEBUG]-C:\Users\CORBR\projects\corbisra\utils\src\buildrunbook.py:BuildRunbook--processClassMethods@51:>	Class=Calculator->getkwargs:None
2026-03-09 15:45:56,608-[DEBUG]-C:\Users\CORBR\projects\corbisra\utils\src\buildrunbook.py:BuildRunbook--processClassMethods@51:>	Class=Calculator->initialise:None
2026-03-09 15:45:56,616-[DEBUG]-C:\Users\CORBR\projects\corbisra\utils\src\buildrunbook.py:BuildRunbook--processClassMethods@51:>	Class=Calculator->process:None
2026-03-09 15:45:56,619-[DEBUG]-C:\Users\CORBR\projects\corbisra\utils\src\buildrunbook.py:BuildRunbook--processClassMethods@51:>	Class=Processor->finalise:None
2026-03-09 15:45:56,619-[DEBUG]-C:\Users\CORBR\projects\corbisra\utils\src\buildrunbook.py:BuildRunbook--processClassMethods@51:>	Class=Processor->getkwargs:None
2026-03-09 15:45:56,621-[DEBUG]-C:\Users\CORBR\projects\corbisra\utils\src\buildrunbook.py:BuildRunbook--processClassMethods@51:>	Class=Processor->initialise:None
2026-03-09 15:45:56,621-[DEBUG]-C:\Users\CORBR\projects\corbisra\utils\src\buildrunbook.py:BuildRunbook--processClassMethods@51:>	Class=Processor->process:None
2026-03-09 15:45:56,626-[DEBUG]-C:\Users\CORBR\projects\corbisra\utils\src\buildrunbook.py:BuildRunbook--processClassMethods@51:>	Class=Reporting->finalise:None
2026-03-09 15:45:56,626-[DEBUG]-C:\Users\CORBR\projects\corbisra\utils\src\buildrunbook.py:BuildRunbook--processClassMethods@51:>	Class=Reporting->getkwargs:None
2026-03-09 15:45:56,633-[DEBUG]-C:\Users\CORBR\projects\corbisra\utils\src\buildrunbook.py:BuildRunbook--processClassMethods@51:>	Class=Reporting->initialise:None
2026-03-09 15:45:56,633-[DEBUG]-C:\Users\CORBR\projects\corbisra\utils\src\buildrunbook.py:BuildRunbook--processClassMethods@51:>	Class=Reporting->process:None
2026-03-09 15:45:56,641-[DEBUG]-C:\Users\CORBR\projects\corbisra\utils\src\buildrunbook.py:BuildRunbook--processClassMethods@51:>	Class=BuildRunbook->finalise:
         save the final file as a CSV or whatever format is required
       
2026-03-09 15:45:56,646-[DEBUG]-C:\Users\CORBR\projects\corbisra\utils\src\buildrunbook.py:BuildRunbook--processClassMethods@51:>	Class=BuildRunbook->getkwargs:None
2026-03-09 15:45:56,650-[DEBUG]-C:\Users\CORBR\projects\corbisra\utils\src\buildrunbook.py:BuildRunbook--processClassMethods@51:>	Class=BuildRunbook->initialise:
         create file and ensure path folder exists if not  create    
       
2026-03-09 15:45:56,653-[DEBUG]-C:\Users\CORBR\projects\corbisra\utils\src\buildrunbook.py:BuildRunbook--processClassMethods@51:>	Class=BuildRunbook->process:
         for the complete list of modules run through the aviable classes and 
         interrogate the __doc__ and __name__
       
2026-03-09 15:45:56,653-[DEBUG]-C:\Users\CORBR\projects\corbisra\utils\src\buildrunbook.py:BuildRunbook--processClassMethods@51:>	Class=BuildRunbook->processClassMethods:None
2026-03-09 15:45:56,653-[DEBUG]-C:\Users\CORBR\projects\corbisra\utils\src\buildrunbook.py:BuildRunbook--processClassMethods@51:>	Class=Calculator->finalise:None
2026-03-09 15:45:56,658-[DEBUG]-C:\Users\CORBR\projects\corbisra\utils\src\buildrunbook.py:BuildRunbook--processClassMethods@51:>	Class=Calculator->getkwargs:None
2026-03-09 15:45:56,661-[DEBUG]-C:\Users\CORBR\projects\corbisra\utils\src\buildrunbook.py:BuildRunbook--processClassMethods@51:>	Class=Calculator->initialise:None
2026-03-09 15:45:56,661-[DEBUG]-C:\Users\CORBR\projects\corbisra\utils\src\buildrunbook.py:BuildRunbook--processClassMethods@51:>	Class=Calculator->process:None
2026-03-09 15:45:56,661-[DEBUG]-C:\Users\CORBR\projects\corbisra\utils\src\buildrunbook.py:BuildRunbook--processClassMethods@51:>	Class=Processor->finalise:None
2026-03-09 15:45:56,668-[DEBUG]-C:\Users\CORBR\projects\corbisra\utils\src\buildrunbook.py:BuildRunbook--processClassMethods@51:>	Class=Processor->getkwargs:None
2026-03-09 15:45:56,668-[DEBUG]-C:\Users\CORBR\projects\corbisra\utils\src\buildrunbook.py:BuildRunbook--processClassMethods@51:>	Class=Processor->initialise:None
2026-03-09 15:45:56,668-[DEBUG]-C:\Users\CORBR\projects\corbisra\utils\src\buildrunbook.py:BuildRunbook--processClassMethods@51:>	Class=Processor->process:None
2026-03-09 15:45:56,684-[DEBUG]-C:\Users\CORBR\projects\corbisra\utils\src\buildrunbook.py:BuildRunbook--processClassMethods@51:>	Class=Reporting->finalise:None
2026-03-09 15:45:56,684-[DEBUG]-C:\Users\CORBR\projects\corbisra\utils\src\buildrunbook.py:BuildRunbook--processClassMethods@51:>	Class=Reporting->getkwargs:None
2026-03-09 15:45:56,684-[DEBUG]-C:\Users\CORBR\projects\corbisra\utils\src\buildrunbook.py:BuildRunbook--processClassMethods@51:>	Class=Reporting->initialise:None
2026-03-09 15:45:56,691-[DEBUG]-C:\Users\CORBR\projects\corbisra\utils\src\buildrunbook.py:BuildRunbook--processClassMethods@51:>	Class=Reporting->process:None
2026-03-09 15:46:06,078-[INFO]-C:\Users\CORBR\projects\corbisra\utils\src\buildrunbook.py:BuildRunbook--process@22:>	starting building runbook
2026-03-09 15:46:06,091-[DEBUG]-C:\Users\CORBR\projects\corbisra\utils\src\buildrunbook.py:BuildRunbook--processClassMethods@51:>	Class=BuildRunbook->finalise:
         save the final file as a CSV or whatever format is required
       
2026-03-09 15:46:06,094-[DEBUG]-C:\Users\CORBR\projects\corbisra\utils\src\buildrunbook.py:BuildRunbook--processClassMethods@51:>	Class=BuildRunbook->getkwargs:None
2026-03-09 15:46:06,094-[DEBUG]-C:\Users\CORBR\projects\corbisra\utils\src\buildrunbook.py:BuildRunbook--processClassMethods@51:>	Class=BuildRunbook->initialise:
         create file and ensure path folder exists if not  create    
       
2026-03-09 15:46:06,098-[DEBUG]-C:\Users\CORBR\projects\corbisra\utils\src\buildrunbook.py:BuildRunbook--processClassMethods@51:>	Class=BuildRunbook->process:
         for the complete list of modules run through the aviable classes and 
         interrogate the __doc__ and __name__
       
2026-03-09 15:46:06,098-[DEBUG]-C:\Users\CORBR\projects\corbisra\utils\src\buildrunbook.py:BuildRunbook--processClassMethods@51:>	Class=BuildRunbook->processClassMethods:None
2026-03-09 15:46:06,098-[DEBUG]-C:\Users\CORBR\projects\corbisra\utils\src\buildrunbook.py:BuildRunbook--processClassMethods@51:>	Class=Calculator->finalise:None
2026-03-09 15:46:06,098-[DEBUG]-C:\Users\CORBR\projects\corbisra\utils\src\buildrunbook.py:BuildRunbook--processClassMethods@51:>	Class=Calculator->getkwargs:None
2026-03-09 15:46:06,098-[DEBUG]-C:\Users\CORBR\projects\corbisra\utils\src\buildrunbook.py:BuildRunbook--processClassMethods@51:>	Class=Calculator->initialise:None
2026-03-09 15:46:06,098-[DEBUG]-C:\Users\CORBR\projects\corbisra\utils\src\buildrunbook.py:BuildRunbook--processClassMethods@51:>	Class=Calculator->process:None
2026-03-09 15:46:06,108-[DEBUG]-C:\Users\CORBR\projects\corbisra\utils\src\buildrunbook.py:BuildRunbook--processClassMethods@51:>	Class=Processor->finalise:None
2026-03-09 15:46:06,110-[DEBUG]-C:\Users\CORBR\projects\corbisra\utils\src\buildrunbook.py:BuildRunbook--processClassMethods@51:>	Class=Processor->getkwargs:None
2026-03-09 15:46:06,110-[DEBUG]-C:\Users\CORBR\projects\corbisra\utils\src\buildrunbook.py:BuildRunbook--processClassMethods@51:>	Class=Processor->initialise:None
2026-03-09 15:46:06,110-[DEBUG]-C:\Users\CORBR\projects\corbisra\utils\src\buildrunbook.py:BuildRunbook--processClassMethods@51:>	Class=Processor->process:None
2026-03-09 15:46:06,110-[DEBUG]-C:\Users\CORBR\projects\corbisra\utils\src\buildrunbook.py:BuildRunbook--processClassMethods@51:>	Class=Reporting->finalise:None
2026-03-09 15:46:06,110-[DEBUG]-C:\Users\CORBR\projects\corbisra\utils\src\buildrunbook.py:BuildRunbook--processClassMethods@51:>	Class=Reporting->getkwargs:None
2026-03-09 15:46:06,110-[DEBUG]-C:\Users\CORBR\projects\corbisra\utils\src\buildrunbook.py:BuildRunbook--processClassMethods@51:>	Class=Reporting->initialise:None
2026-03-09 15:46:06,110-[DEBUG]-C:\Users\CORBR\projects\corbisra\utils\src\buildrunbook.py:BuildRunbook--processClassMethods@51:>	Class=Reporting->process:None
2026-03-09 15:46:06,125-[DEBUG]-C:\Users\CORBR\projects\corbisra\utils\src\buildrunbook.py:BuildRunbook--processClassMethods@51:>	Class=BuildRunbook->finalise:
         save the final file as a CSV or whatever format is required
       
2026-03-09 15:46:06,125-[DEBUG]-C:\Users\CORBR\projects\corbisra\utils\src\buildrunbook.py:BuildRunbook--processClassMethods@51:>	Class=BuildRunbook->getkwargs:None
2026-03-09 15:46:06,125-[DEBUG]-C:\Users\CORBR\projects\corbisra\utils\src\buildrunbook.py:BuildRunbook--processClassMethods@51:>	Class=BuildRunbook->initialise:
         create file and ensure path folder exists if not  create    
       
2026-03-09 15:46:06,125-[DEBUG]-C:\Users\CORBR\projects\corbisra\utils\src\buildrunbook.py:BuildRunbook--processClassMethods@51:>	Class=BuildRunbook->process:
         for the complete list of modules run through the aviable classes and 
         interrogate the __doc__ and __name__
       
2026-03-09 15:46:06,125-[DEBUG]-C:\Users\CORBR\projects\corbisra\utils\src\buildrunbook.py:BuildRunbook--processClassMethods@51:>	Class=BuildRunbook->processClassMethods:None
2026-03-09 15:46:06,125-[DEBUG]-C:\Users\CORBR\projects\corbisra\utils\src\buildrunbook.py:BuildRunbook--processClassMethods@51:>	Class=Calculator->finalise:None
2026-03-09 15:46:06,125-[DEBUG]-C:\Users\CORBR\projects\corbisra\utils\src\buildrunbook.py:BuildRunbook--processClassMethods@51:>	Class=Calculator->getkwargs:None
2026-03-09 15:46:06,125-[DEBUG]-C:\Users\CORBR\projects\corbisra\utils\src\buildrunbook.py:BuildRunbook--processClassMethods@51:>	Class=Calculator->initialise:None
2026-03-09 15:46:06,142-[DEBUG]-C:\Users\CORBR\projects\corbisra\utils\src\buildrunbook.py:BuildRunbook--processClassMethods@51:>	Class=Calculator->process:None
2026-03-09 15:46:06,142-[DEBUG]-C:\Users\CORBR\projects\corbisra\utils\src\buildrunbook.py:BuildRunbook--processClassMethods@51:>	Class=Processor->finalise:None
2026-03-09 15:46:06,142-[DEBUG]-C:\Users\CORBR\projects\corbisra\utils\src\buildrunbook.py:BuildRunbook--processClassMethods@51:>	Class=Processor->getkwargs:None
2026-03-09 15:46:06,142-[DEBUG]-C:\Users\CORBR\projects\corbisra\utils\src\buildrunbook.py:BuildRunbook--processClassMethods@51:>	Class=Processor->initialise:None
2026-03-09 15:46:06,142-[DEBUG]-C:\Users\CORBR\projects\corbisra\utils\src\buildrunbook.py:BuildRunbook--processClassMethods@51:>	Class=Processor->process:None
2026-03-09 15:46:06,158-[DEBUG]-C:\Users\CORBR\projects\corbisra\utils\src\buildrunbook.py:BuildRunbook--processClassMethods@51:>	Class=Reporting->finalise:None
2026-03-09 15:46:06,158-[DEBUG]-C:\Users\CORBR\projects\corbisra\utils\src\buildrunbook.py:BuildRunbook--processClassMethods@51:>	Class=Reporting->getkwargs:None
2026-03-09 15:46:06,173-[DEBUG]-C:\Users\CORBR\projects\corbisra\utils\src\buildrunbook.py:BuildRunbook--processClassMethods@51:>	Class=Reporting->initialise:None
2026-03-09 15:46:06,173-[DEBUG]-C:\Users\CORBR\projects\corbisra\utils\src\buildrunbook.py:BuildRunbook--processClassMethods@51:>	Class=Reporting->process:None
2026-03-09 15:46:18,691-[INFO]-C:\Users\CORBR\projects\corbisra\utils\src\buildrunbook.py:BuildRunbook--process@22:>	starting building runbook
2026-03-09 15:46:18,706-[DEBUG]-C:\Users\CORBR\projects\corbisra\utils\src\buildrunbook.py:BuildRunbook--processClassMethods@51:>	Class=BuildRunbook->finalise:
         save the final file as a CSV or whatever format is required
       
2026-03-09 15:46:18,708-[DEBUG]-C:\Users\CORBR\projects\corbisra\utils\src\buildrunbook.py:BuildRunbook--processClassMethods@51:>	Class=BuildRunbook->getkwargs:None
2026-03-09 15:46:18,708-[DEBUG]-C:\Users\CORBR\projects\corbisra\utils\src\buildrunbook.py:BuildRunbook--processClassMethods@51:>	Class=BuildRunbook->initialise:
         create file and ensure path folder exists if not  create    
       
2026-03-09 15:46:18,708-[DEBUG]-C:\Users\CORBR\projects\corbisra\utils\src\buildrunbook.py:BuildRunbook--processClassMethods@51:>	Class=BuildRunbook->process:
         for the complete list of modules run through the aviable classes and 
         interrogate the __doc__ and __name__
       
2026-03-09 15:46:18,708-[DEBUG]-C:\Users\CORBR\projects\corbisra\utils\src\buildrunbook.py:BuildRunbook--processClassMethods@51:>	Class=BuildRunbook->processClassMethods:None
2026-03-09 15:46:18,708-[DEBUG]-C:\Users\CORBR\projects\corbisra\utils\src\buildrunbook.py:BuildRunbook--processClassMethods@51:>	Class=Calculator->finalise:None
2026-03-09 15:46:18,708-[DEBUG]-C:\Users\CORBR\projects\corbisra\utils\src\buildrunbook.py:BuildRunbook--processClassMethods@51:>	Class=Calculator->getkwargs:None
2026-03-09 15:46:18,708-[DEBUG]-C:\Users\CORBR\projects\corbisra\utils\src\buildrunbook.py:BuildRunbook--processClassMethods@51:>	Class=Calculator->initialise:None
2026-03-09 15:46:18,708-[DEBUG]-C:\Users\CORBR\projects\corbisra\utils\src\buildrunbook.py:BuildRunbook--processClassMethods@51:>	Class=Calculator->process:None
2026-03-09 15:46:18,725-[DEBUG]-C:\Users\CORBR\projects\corbisra\utils\src\buildrunbook.py:BuildRunbook--processClassMethods@51:>	Class=Processor->finalise:None
2026-03-09 15:46:18,725-[DEBUG]-C:\Users\CORBR\projects\corbisra\utils\src\buildrunbook.py:BuildRunbook--processClassMethods@51:>	Class=Processor->getkwargs:None
2026-03-09 15:46:18,725-[DEBUG]-C:\Users\CORBR\projects\corbisra\utils\src\buildrunbook.py:BuildRunbook--processClassMethods@51:>	Class=Processor->initialise:None
2026-03-09 15:46:18,725-[DEBUG]-C:\Users\CORBR\projects\corbisra\utils\src\buildrunbook.py:BuildRunbook--processClassMethods@51:>	Class=Processor->process:None
2026-03-09 15:46:18,725-[DEBUG]-C:\Users\CORBR\projects\corbisra\utils\src\buildrunbook.py:BuildRunbook--processClassMethods@51:>	Class=Reporting->finalise:None
2026-03-09 15:46:18,725-[DEBUG]-C:\Users\CORBR\projects\corbisra\utils\src\buildrunbook.py:BuildRunbook--processClassMethods@51:>	Class=Reporting->getkwargs:None
2026-03-09 15:46:18,725-[DEBUG]-C:\Users\CORBR\projects\corbisra\utils\src\buildrunbook.py:BuildRunbook--processClassMethods@51:>	Class=Reporting->initialise:None
2026-03-09 15:46:18,725-[DEBUG]-C:\Users\CORBR\projects\corbisra\utils\src\buildrunbook.py:BuildRunbook--processClassMethods@51:>	Class=Reporting->process:None
2026-03-09 15:46:18,741-[DEBUG]-C:\Users\CORBR\projects\corbisra\utils\src\buildrunbook.py:BuildRunbook--processClassMethods@51:>	Class=BuildRunbook->finalise:
         save the final file as a CSV or whatever format is required
       
2026-03-09 15:46:18,741-[DEBUG]-C:\Users\CORBR\projects\corbisra\utils\src\buildrunbook.py:BuildRunbook--processClassMethods@51:>	Class=BuildRunbook->getkwargs:None
2026-03-09 15:46:18,741-[DEBUG]-C:\Users\CORBR\projects\corbisra\utils\src\buildrunbook.py:BuildRunbook--processClassMethods@51:>	Class=BuildRunbook->initialise:
         create file and ensure path folder exists if not  create    
       
2026-03-09 15:46:18,741-[DEBUG]-C:\Users\CORBR\projects\corbisra\utils\src\buildrunbook.py:BuildRunbook--processClassMethods@51:>	Class=BuildRunbook->process:
         for the complete list of modules run through the aviable classes and 
         interrogate the __doc__ and __name__
       
2026-03-09 15:46:18,741-[DEBUG]-C:\Users\CORBR\projects\corbisra\utils\src\buildrunbook.py:BuildRunbook--processClassMethods@51:>	Class=BuildRunbook->processClassMethods:None
2026-03-09 15:46:18,741-[DEBUG]-C:\Users\CORBR\projects\corbisra\utils\src\buildrunbook.py:BuildRunbook--processClassMethods@51:>	Class=Calculator->finalise:None
2026-03-09 15:46:18,741-[DEBUG]-C:\Users\CORBR\projects\corbisra\utils\src\buildrunbook.py:BuildRunbook--processClassMethods@51:>	Class=Calculator->getkwargs:None
2026-03-09 15:46:18,754-[DEBUG]-C:\Users\CORBR\projects\corbisra\utils\src\buildrunbook.py:BuildRunbook--processClassMethods@51:>	Class=Calculator->initialise:None
2026-03-09 15:46:18,755-[DEBUG]-C:\Users\CORBR\projects\corbisra\utils\src\buildrunbook.py:BuildRunbook--processClassMethods@51:>	Class=Calculator->process:None
2026-03-09 15:46:18,758-[DEBUG]-C:\Users\CORBR\projects\corbisra\utils\src\buildrunbook.py:BuildRunbook--processClassMethods@51:>	Class=Processor->finalise:None
2026-03-09 15:46:18,758-[DEBUG]-C:\Users\CORBR\projects\corbisra\utils\src\buildrunbook.py:BuildRunbook--processClassMethods@51:>	Class=Processor->getkwargs:None
2026-03-09 15:46:18,758-[DEBUG]-C:\Users\CORBR\projects\corbisra\utils\src\buildrunbook.py:BuildRunbook--processClassMethods@51:>	Class=Processor->initialise:None
2026-03-09 15:46:18,758-[DEBUG]-C:\Users\CORBR\projects\corbisra\utils\src\buildrunbook.py:BuildRunbook--processClassMethods@51:>	Class=Processor->process:None
2026-03-09 15:46:18,775-[DEBUG]-C:\Users\CORBR\projects\corbisra\utils\src\buildrunbook.py:BuildRunbook--processClassMethods@51:>	Class=Reporting->finalise:None
2026-03-09 15:46:18,775-[DEBUG]-C:\Users\CORBR\projects\corbisra\utils\src\buildrunbook.py:BuildRunbook--processClassMethods@51:>	Class=Reporting->getkwargs:None
2026-03-09 15:46:18,775-[DEBUG]-C:\Users\CORBR\projects\corbisra\utils\src\buildrunbook.py:BuildRunbook--processClassMethods@51:>	Class=Reporting->initialise:None
2026-03-09 15:46:18,787-[DEBUG]-C:\Users\CORBR\projects\corbisra\utils\src\buildrunbook.py:BuildRunbook--processClassMethods@51:>	Class=Reporting->process:None
2026-03-09 15:46:18,791-[INFO]-C:\Users\CORBR\projects\corbisra\utils\src\buildrunbook.py:BuildRunbook--finalise@40:>	finalising <class 'utils.src.buildrunbook.BuildRunbook'>
2026-03-09 15:47:45,179-[INFO]-C:\Users\CORBR\projects\corbisra\utils\src\buildrunbook.py:BuildRunbook--initialise@15:>	executing initialise <class 'utils.src.buildrunbook.BuildRunbook'>
2026-03-09 15:47:45,179-[INFO]-C:\Users\CORBR\projects\corbisra\utils\src\buildrunbook.py:BuildRunbook--process@23:>	executing process <class 'utils.src.buildrunbook.BuildRunbook'>
2026-03-09 15:47:45,188-[DEBUG]-C:\Users\CORBR\projects\corbisra\utils\src\buildrunbook.py:BuildRunbook--process@24:>	starting building runbook
2026-03-09 15:47:45,191-[DEBUG]-C:\Users\CORBR\projects\corbisra\utils\src\buildrunbook.py:BuildRunbook--processClassMethods@53:>	Class=BuildRunbook->finalise:
         save the final file as a CSV or whatever format is required
       
2026-03-09 15:47:45,195-[DEBUG]-C:\Users\CORBR\projects\corbisra\utils\src\buildrunbook.py:BuildRunbook--processClassMethods@53:>	Class=BuildRunbook->getkwargs:None
2026-03-09 15:47:45,195-[DEBUG]-C:\Users\CORBR\projects\corbisra\utils\src\buildrunbook.py:BuildRunbook--processClassMethods@53:>	Class=BuildRunbook->initialise:
         create file and ensure path folder exists if not  create    
       
2026-03-09 15:47:45,195-[DEBUG]-C:\Users\CORBR\projects\corbisra\utils\src\buildrunbook.py:BuildRunbook--processClassMethods@53:>	Class=BuildRunbook->process:
         for the complete list of modules run through the aviable classes and 
         interrogate the __doc__ and __name__
       
2026-03-09 15:47:45,195-[DEBUG]-C:\Users\CORBR\projects\corbisra\utils\src\buildrunbook.py:BuildRunbook--processClassMethods@53:>	Class=BuildRunbook->processClassMethods:None
2026-03-09 15:47:45,208-[DEBUG]-C:\Users\CORBR\projects\corbisra\utils\src\buildrunbook.py:BuildRunbook--processClassMethods@53:>	Class=Calculator->finalise:None
2026-03-09 15:47:45,211-[DEBUG]-C:\Users\CORBR\projects\corbisra\utils\src\buildrunbook.py:BuildRunbook--processClassMethods@53:>	Class=Calculator->getkwargs:None
2026-03-09 15:47:45,211-[DEBUG]-C:\Users\CORBR\projects\corbisra\utils\src\buildrunbook.py:BuildRunbook--processClassMethods@53:>	Class=Calculator->initialise:None
2026-03-09 15:47:45,215-[DEBUG]-C:\Users\CORBR\projects\corbisra\utils\src\buildrunbook.py:BuildRunbook--processClassMethods@53:>	Class=Calculator->process:None
2026-03-09 15:47:45,215-[DEBUG]-C:\Users\CORBR\projects\corbisra\utils\src\buildrunbook.py:BuildRunbook--processClassMethods@53:>	Class=Processor->finalise:None
2026-03-09 15:47:45,215-[DEBUG]-C:\Users\CORBR\projects\corbisra\utils\src\buildrunbook.py:BuildRunbook--processClassMethods@53:>	Class=Processor->getkwargs:None
2026-03-09 15:47:45,225-[DEBUG]-C:\Users\CORBR\projects\corbisra\utils\src\buildrunbook.py:BuildRunbook--processClassMethods@53:>	Class=Processor->initialise:None
2026-03-09 15:47:45,228-[DEBUG]-C:\Users\CORBR\projects\corbisra\utils\src\buildrunbook.py:BuildRunbook--processClassMethods@53:>	Class=Processor->process:None
2026-03-09 15:47:45,228-[DEBUG]-C:\Users\CORBR\projects\corbisra\utils\src\buildrunbook.py:BuildRunbook--processClassMethods@53:>	Class=Reporting->finalise:None
2026-03-09 15:47:45,228-[DEBUG]-C:\Users\CORBR\projects\corbisra\utils\src\buildrunbook.py:BuildRunbook--processClassMethods@53:>	Class=Reporting->getkwargs:None
2026-03-09 15:47:45,228-[DEBUG]-C:\Users\CORBR\projects\corbisra\utils\src\buildrunbook.py:BuildRunbook--processClassMethods@53:>	Class=Reporting->initialise:None
2026-03-09 15:47:45,228-[DEBUG]-C:\Users\CORBR\projects\corbisra\utils\src\buildrunbook.py:BuildRunbook--processClassMethods@53:>	Class=Reporting->process:None
2026-03-09 15:47:45,248-[DEBUG]-C:\Users\CORBR\projects\corbisra\utils\src\buildrunbook.py:BuildRunbook--processClassMethods@53:>	Class=BuildRunbook->finalise:
         save the final file as a CSV or whatever format is required
       
2026-03-09 15:47:45,248-[DEBUG]-C:\Users\CORBR\projects\corbisra\utils\src\buildrunbook.py:BuildRunbook--processClassMethods@53:>	Class=BuildRunbook->getkwargs:None
2026-03-09 15:47:45,248-[DEBUG]-C:\Users\CORBR\projects\corbisra\utils\src\buildrunbook.py:BuildRunbook--processClassMethods@53:>	Class=BuildRunbook->initialise:
         create file and ensure path folder exists if not  create    
       
2026-03-09 15:47:45,248-[DEBUG]-C:\Users\CORBR\projects\corbisra\utils\src\buildrunbook.py:BuildRunbook--processClassMethods@53:>	Class=BuildRunbook->process:
         for the complete list of modules run through the aviable classes and 
         interrogate the __doc__ and __name__
       
2026-03-09 15:47:45,248-[DEBUG]-C:\Users\CORBR\projects\corbisra\utils\src\buildrunbook.py:BuildRunbook--processClassMethods@53:>	Class=BuildRunbook->processClassMethods:None
2026-03-09 15:47:45,259-[DEBUG]-C:\Users\CORBR\projects\corbisra\utils\src\buildrunbook.py:BuildRunbook--processClassMethods@53:>	Class=Calculator->finalise:None
2026-03-09 15:47:45,259-[DEBUG]-C:\Users\CORBR\projects\corbisra\utils\src\buildrunbook.py:BuildRunbook--processClassMethods@53:>	Class=Calculator->getkwargs:None
2026-03-09 15:47:45,259-[DEBUG]-C:\Users\CORBR\projects\corbisra\utils\src\buildrunbook.py:BuildRunbook--processClassMethods@53:>	Class=Calculator->initialise:None
2026-03-09 15:47:45,259-[DEBUG]-C:\Users\CORBR\projects\corbisra\utils\src\buildrunbook.py:BuildRunbook--processClassMethods@53:>	Class=Calculator->process:None
2026-03-09 15:47:45,259-[DEBUG]-C:\Users\CORBR\projects\corbisra\utils\src\buildrunbook.py:BuildRunbook--processClassMethods@53:>	Class=Processor->finalise:None
2026-03-09 15:47:45,259-[DEBUG]-C:\Users\CORBR\projects\corbisra\utils\src\buildrunbook.py:BuildRunbook--processClassMethods@53:>	Class=Processor->getkwargs:None
2026-03-09 15:47:45,275-[DEBUG]-C:\Users\CORBR\projects\corbisra\utils\src\buildrunbook.py:BuildRunbook--processClassMethods@53:>	Class=Processor->initialise:None
2026-03-09 15:47:45,275-[DEBUG]-C:\Users\CORBR\projects\corbisra\utils\src\buildrunbook.py:BuildRunbook--processClassMethods@53:>	Class=Processor->process:None
2026-03-09 15:47:45,303-[DEBUG]-C:\Users\CORBR\projects\corbisra\utils\src\buildrunbook.py:BuildRunbook--processClassMethods@53:>	Class=Reporting->finalise:None
2026-03-09 15:47:45,308-[DEBUG]-C:\Users\CORBR\projects\corbisra\utils\src\buildrunbook.py:BuildRunbook--processClassMethods@53:>	Class=Reporting->getkwargs:None
2026-03-09 15:47:45,308-[DEBUG]-C:\Users\CORBR\projects\corbisra\utils\src\buildrunbook.py:BuildRunbook--processClassMethods@53:>	Class=Reporting->initialise:None
2026-03-09 15:47:45,316-[DEBUG]-C:\Users\CORBR\projects\corbisra\utils\src\buildrunbook.py:BuildRunbook--processClassMethods@53:>	Class=Reporting->process:None
2026-03-09 15:47:45,338-[INFO]-C:\Users\CORBR\projects\corbisra\utils\src\buildrunbook.py:BuildRunbook--finalise@42:>	finalising <class 'utils.src.buildrunbook.BuildRunbook'>
2026-03-09 15:48:11,708-[INFO]-C:\Users\CORBR\projects\corbisra\utils\src\buildrunbook.py:BuildRunbook--initialise@15:>	executing initialise <class 'utils.src.buildrunbook.BuildRunbook'>
2026-03-09 15:48:11,708-[INFO]-C:\Users\CORBR\projects\corbisra\utils\src\buildrunbook.py:BuildRunbook--process@23:>	executing process <class 'utils.src.buildrunbook.BuildRunbook'>
2026-03-09 15:48:11,723-[DEBUG]-C:\Users\CORBR\projects\corbisra\utils\src\buildrunbook.py:BuildRunbook--process@24:>	starting building runbook
2026-03-09 15:48:11,724-[DEBUG]-C:\Users\CORBR\projects\corbisra\utils\src\buildrunbook.py:BuildRunbook--processClassMethods@53:>	Class=BuildRunbook->finalise:
         save the final file as a CSV or whatever format is required
       
2026-03-09 15:48:11,724-[DEBUG]-C:\Users\CORBR\projects\corbisra\utils\src\buildrunbook.py:BuildRunbook--processClassMethods@53:>	Class=BuildRunbook->getkwargs:None
2026-03-09 15:48:11,724-[DEBUG]-C:\Users\CORBR\projects\corbisra\utils\src\buildrunbook.py:BuildRunbook--processClassMethods@53:>	Class=BuildRunbook->initialise:
         create file and ensure path folder exists if not  create    
       
2026-03-09 15:48:11,724-[DEBUG]-C:\Users\CORBR\projects\corbisra\utils\src\buildrunbook.py:BuildRunbook--processClassMethods@53:>	Class=BuildRunbook->process:
         for the complete list of modules run through the aviable classes and 
         interrogate the __doc__ and __name__
       
2026-03-09 15:48:11,724-[DEBUG]-C:\Users\CORBR\projects\corbisra\utils\src\buildrunbook.py:BuildRunbook--processClassMethods@53:>	Class=BuildRunbook->processClassMethods:None
2026-03-09 15:48:11,739-[DEBUG]-C:\Users\CORBR\projects\corbisra\utils\src\buildrunbook.py:BuildRunbook--processClassMethods@53:>	Class=Calculator->finalise:None
2026-03-09 15:48:11,741-[DEBUG]-C:\Users\CORBR\projects\corbisra\utils\src\buildrunbook.py:BuildRunbook--processClassMethods@53:>	Class=Calculator->getkwargs:None
2026-03-09 15:48:11,741-[DEBUG]-C:\Users\CORBR\projects\corbisra\utils\src\buildrunbook.py:BuildRunbook--processClassMethods@53:>	Class=Calculator->initialise:None
2026-03-09 15:48:11,741-[DEBUG]-C:\Users\CORBR\projects\corbisra\utils\src\buildrunbook.py:BuildRunbook--processClassMethods@53:>	Class=Calculator->process:None
2026-03-09 15:48:11,741-[DEBUG]-C:\Users\CORBR\projects\corbisra\utils\src\buildrunbook.py:BuildRunbook--processClassMethods@53:>	Class=Processor->finalise:None
2026-03-09 15:48:11,741-[DEBUG]-C:\Users\CORBR\projects\corbisra\utils\src\buildrunbook.py:BuildRunbook--processClassMethods@53:>	Class=Processor->getkwargs:None
2026-03-09 15:48:11,741-[DEBUG]-C:\Users\CORBR\projects\corbisra\utils\src\buildrunbook.py:BuildRunbook--processClassMethods@53:>	Class=Processor->initialise:None
2026-03-09 15:48:11,741-[DEBUG]-C:\Users\CORBR\projects\corbisra\utils\src\buildrunbook.py:BuildRunbook--processClassMethods@53:>	Class=Processor->process:None
2026-03-09 15:48:11,741-[DEBUG]-C:\Users\CORBR\projects\corbisra\utils\src\buildrunbook.py:BuildRunbook--processClassMethods@53:>	Class=Reporting->finalise:None
2026-03-09 15:48:11,755-[DEBUG]-C:\Users\CORBR\projects\corbisra\utils\src\buildrunbook.py:BuildRunbook--processClassMethods@53:>	Class=Reporting->getkwargs:None
2026-03-09 15:48:11,755-[DEBUG]-C:\Users\CORBR\projects\corbisra\utils\src\buildrunbook.py:BuildRunbook--processClassMethods@53:>	Class=Reporting->initialise:None
2026-03-09 15:48:11,758-[DEBUG]-C:\Users\CORBR\projects\corbisra\utils\src\buildrunbook.py:BuildRunbook--processClassMethods@53:>	Class=Reporting->process:None
2026-03-09 15:48:11,758-[INFO]-C:\Users\CORBR\projects\corbisra\utils\src\buildrunbook.py:BuildRunbook--finalise@42:>	finalising <class 'utils.src.buildrunbook.BuildRunbook'>
2026-03-09 15:48:59,224-[INFO]-C:\Users\CORBR\projects\corbisra\utils\src\buildrunbook.py:BuildRunbook--initialise@15:>	executing initialise <class 'utils.src.buildrunbook.BuildRunbook'>
2026-03-09 15:48:59,230-[INFO]-C:\Users\CORBR\projects\corbisra\utils\src\buildrunbook.py:BuildRunbook--process@23:>	executing process <class 'utils.src.buildrunbook.BuildRunbook'>
2026-03-09 15:48:59,262-[INFO]-C:\Users\CORBR\projects\corbisra\utils\src\buildrunbook.py:BuildRunbook--finalise@42:>	finalising <class 'utils.src.buildrunbook.BuildRunbook'>
2026-03-09 15:49:43,841-[INFO]-C:\Users\CORBR\projects\corbisra\utils\src\buildrunbook.py:BuildRunbook--initialise@15:>	executing initialise <class 'utils.src.buildrunbook.BuildRunbook'>
2026-03-09 15:49:43,841-[INFO]-C:\Users\CORBR\projects\corbisra\utils\src\buildrunbook.py:BuildRunbook--process@23:>	executing process <class 'utils.src.buildrunbook.BuildRunbook'>
2026-03-09 15:49:43,875-[INFO]-C:\Users\CORBR\projects\corbisra\utils\src\buildrunbook.py:BuildRunbook--finalise@42:>	finalising <class 'utils.src.buildrunbook.BuildRunbook'>
2026-03-09 15:50:26,411-[INFO]-C:\Users\CORBR\projects\corbisra\utils\src\buildrunbook.py:BuildRunbook--initialise@15:>	executing initialise <class 'utils.src.buildrunbook.BuildRunbook'>
2026-03-09 15:50:26,411-[INFO]-C:\Users\CORBR\projects\corbisra\utils\src\buildrunbook.py:BuildRunbook--process@23:>	executing process <class 'utils.src.buildrunbook.BuildRunbook'>
2026-03-09 15:50:26,443-[INFO]-C:\Users\CORBR\projects\corbisra\utils\src\buildrunbook.py:BuildRunbook--finalise@42:>	finalising <class 'utils.src.buildrunbook.BuildRunbook'>
2026-03-09 15:50:58,789-[INFO]-C:\Users\CORBR\projects\corbisra\utils\src\buildrunbook.py:BuildRunbook--initialise@15:>	executing initialise <class 'utils.src.buildrunbook.BuildRunbook'>
2026-03-09 15:50:58,789-[INFO]-C:\Users\CORBR\projects\corbisra\utils\src\buildrunbook.py:BuildRunbook--process@23:>	executing process <class 'utils.src.buildrunbook.BuildRunbook'>
2026-03-09 15:50:58,798-[INFO]-C:\Users\CORBR\projects\corbisra\utils\src\buildrunbook.py:BuildRunbook--finalise@41:>	finalising <class 'utils.src.buildrunbook.BuildRunbook'>
2026-03-09 15:51:08,358-[INFO]-C:\Users\CORBR\projects\corbisra\utils\src\buildrunbook.py:BuildRunbook--initialise@15:>	executing initialise <class 'utils.src.buildrunbook.BuildRunbook'>
2026-03-09 15:51:08,367-[INFO]-C:\Users\CORBR\projects\corbisra\utils\src\buildrunbook.py:BuildRunbook--process@23:>	executing process <class 'utils.src.buildrunbook.BuildRunbook'>
2026-03-09 15:51:08,391-[INFO]-C:\Users\CORBR\projects\corbisra\utils\src\buildrunbook.py:BuildRunbook--finalise@41:>	finalising <class 'utils.src.buildrunbook.BuildRunbook'>
2026-03-09 15:55:33,358-[INFO]-C:\Users\CORBR\projects\corbisra\utils\src\buildrunbook.py:BuildRunbook--initialise@17:>	executing initialise <class 'utils.src.buildrunbook.BuildRunbook'>
2026-03-09 15:55:33,367-[INFO]-C:\Users\CORBR\projects\corbisra\utils\src\buildrunbook.py:BuildRunbook--process@25:>	executing process <class 'utils.src.buildrunbook.BuildRunbook'>
2026-03-09 15:55:33,399-[INFO]-C:\Users\CORBR\projects\corbisra\utils\src\buildrunbook.py:BuildRunbook--finalise@43:>	finalising <class 'utils.src.buildrunbook.BuildRunbook'>
2026-03-09 15:56:49,541-[INFO]-C:\Users\CORBR\projects\corbisra\utils\src\buildrunbook.py:BuildRunbook--initialise@17:>	executing initialise <class 'utils.src.buildrunbook.BuildRunbook'>
2026-03-09 15:56:49,541-[INFO]-C:\Users\CORBR\projects\corbisra\utils\src\buildrunbook.py:BuildRunbook--process@25:>	executing process <class 'utils.src.buildrunbook.BuildRunbook'>
2026-03-09 15:56:49,569-[INFO]-C:\Users\CORBR\projects\corbisra\utils\src\buildrunbook.py:BuildRunbook--finalise@43:>	finalising <class 'utils.src.buildrunbook.BuildRunbook'>
2026-03-09 15:57:49,254-[INFO]-C:\Users\CORBR\projects\corbisra\utils\src\buildrunbook.py:BuildRunbook--initialise@15:>	executing initialise <class 'utils.src.buildrunbook.BuildRunbook'>
2026-03-09 15:57:49,256-[INFO]-C:\Users\CORBR\projects\corbisra\utils\src\buildrunbook.py:BuildRunbook--process@23:>	executing process <class 'utils.src.buildrunbook.BuildRunbook'>
2026-03-09 15:57:49,281-[INFO]-C:\Users\CORBR\projects\corbisra\utils\src\buildrunbook.py:BuildRunbook--finalise@41:>	finalising <class 'utils.src.buildrunbook.BuildRunbook'>
2026-03-09 15:59:10,043-[INFO]-C:\Users\CORBR\projects\corbisra\utils\src\buildrunbook.py:BuildRunbook--initialise@17:>	executing initialise <class 'utils.src.buildrunbook.BuildRunbook'>
2026-03-09 15:59:10,043-[INFO]-C:\Users\CORBR\projects\corbisra\utils\src\buildrunbook.py:BuildRunbook--process@25:>	executing process <class 'utils.src.buildrunbook.BuildRunbook'>
2026-03-09 15:59:10,068-[INFO]-C:\Users\CORBR\projects\corbisra\utils\src\buildrunbook.py:BuildRunbook--finalise@43:>	finalising <class 'utils.src.buildrunbook.BuildRunbook'>
